  SPS.h
C:\Users\student-3\source\repos\3D3\dx11minimal\SPS.h(165,1): error C4430: missing type specifier - int assumed. Note: C++ does not support default-int
C:\Users\student-3\source\repos\3D3\dx11minimal\SPS.h(165,9): error C2146: syntax error: missing ';' before identifier 'global'
C:\Users\student-3\source\repos\3D3\dx11minimal\SPS.h(165,27): error C2390: 'b5': incorrect storage class 'register'
C:\Users\student-3\source\repos\3D3\dx11minimal\SPS.h(165,27): error C4430: missing type specifier - int assumed. Note: C++ does not support default-int
C:\Users\student-3\source\repos\3D3\dx11minimal\SPS.h(167,5): error C2065: 'float4': undeclared identifier
C:\Users\student-3\source\repos\3D3\dx11minimal\SPS.h(167,12): error C2146: syntax error: missing ')' before identifier 'gConst'
C:\Users\student-3\source\repos\3D3\dx11minimal\SPS.h(168,1): error C2059: syntax error: '}'
C:\Users\student-3\source\repos\3D3\dx11minimal\SPS.h(168,1): error C2143: syntax error: missing ';' before '}'
C:\Users\student-3\source\repos\3D3\dx11minimal\SPS.h(170,1): error C4430: missing type specifier - int assumed. Note: C++ does not support default-int
C:\Users\student-3\source\repos\3D3\dx11minimal\SPS.h(170,1): error C2086: 'int cbuffer': redefinition
      C:\Users\student-3\source\repos\3D3\dx11minimal\SPS.h(165,1):
      see declaration of 'cbuffer'
  
C:\Users\student-3\source\repos\3D3\dx11minimal\SPS.h(170,9): error C2146: syntax error: missing ';' before identifier 'frame'
C:\Users\student-3\source\repos\3D3\dx11minimal\SPS.h(170,26): error C2390: 'b4': incorrect storage class 'register'
C:\Users\student-3\source\repos\3D3\dx11minimal\SPS.h(170,26): error C4430: missing type specifier - int assumed. Note: C++ does not support default-int
C:\Users\student-3\source\repos\3D3\dx11minimal\SPS.h(172,5): error C2065: 'float4': undeclared identifier
C:\Users\student-3\source\repos\3D3\dx11minimal\SPS.h(172,12): error C2146: syntax error: missing ')' before identifier 'time'
C:\Users\student-3\source\repos\3D3\dx11minimal\SPS.h(173,5): error C4430: missing type specifier - int assumed. Note: C++ does not support default-int
C:\Users\student-3\source\repos\3D3\dx11minimal\SPS.h(173,12): error C2146: syntax error: missing ';' before identifier 'aspect'
C:\Users\student-3\source\repos\3D3\dx11minimal\SPS.h(174,1): error C2059: syntax error: '}'
C:\Users\student-3\source\repos\3D3\dx11minimal\SPS.h(174,1): error C2143: syntax error: missing ';' before '}'
C:\Users\student-3\source\repos\3D3\dx11minimal\SPS.h(176,1): error C4430: missing type specifier - int assumed. Note: C++ does not support default-int
C:\Users\student-3\source\repos\3D3\dx11minimal\SPS.h(176,1): error C2086: 'int cbuffer': redefinition
      C:\Users\student-3\source\repos\3D3\dx11minimal\SPS.h(165,1):
      see declaration of 'cbuffer'
  
C:\Users\student-3\source\repos\3D3\dx11minimal\SPS.h(176,9): error C2146: syntax error: missing ';' before identifier 'camera'
C:\Users\student-3\source\repos\3D3\dx11minimal\SPS.h(176,27): error C2390: 'b3': incorrect storage class 'register'
C:\Users\student-3\source\repos\3D3\dx11minimal\SPS.h(176,27): error C4430: missing type specifier - int assumed. Note: C++ does not support default-int
C:\Users\student-3\source\repos\3D3\dx11minimal\SPS.h(178,5): error C2065: 'float4x4': undeclared identifier
C:\Users\student-3\source\repos\3D3\dx11minimal\SPS.h(178,14): error C2146: syntax error: missing ')' before identifier 'world'
C:\Users\student-3\source\repos\3D3\dx11minimal\SPS.h(179,5): error C4430: missing type specifier - int assumed. Note: C++ does not support default-int
C:\Users\student-3\source\repos\3D3\dx11minimal\SPS.h(179,14): error C2146: syntax error: missing ';' before identifier 'view'
C:\Users\student-3\source\repos\3D3\dx11minimal\SPS.h(180,5): error C4430: missing type specifier - int assumed. Note: C++ does not support default-int
C:\Users\student-3\source\repos\3D3\dx11minimal\SPS.h(180,5): error C2086: 'int float4x4': redefinition
      C:\Users\student-3\source\repos\3D3\dx11minimal\SPS.h(179,5):
      see declaration of 'float4x4'
  
C:\Users\student-3\source\repos\3D3\dx11minimal\SPS.h(180,14): error C2146: syntax error: missing ';' before identifier 'proj'
C:\Users\student-3\source\repos\3D3\dx11minimal\SPS.h(181,1): error C2059: syntax error: '}'
C:\Users\student-3\source\repos\3D3\dx11minimal\SPS.h(181,1): error C2143: syntax error: missing ';' before '}'
C:\Users\student-3\source\repos\3D3\dx11minimal\SPS.h(183,1): error C4430: missing type specifier - int assumed. Note: C++ does not support default-int
C:\Users\student-3\source\repos\3D3\dx11minimal\SPS.h(183,1): error C2086: 'int cbuffer': redefinition
      C:\Users\student-3\source\repos\3D3\dx11minimal\SPS.h(165,1):
      see declaration of 'cbuffer'
  
C:\Users\student-3\source\repos\3D3\dx11minimal\SPS.h(183,9): error C2146: syntax error: missing ';' before identifier 'drawMat'
C:\Users\student-3\source\repos\3D3\dx11minimal\SPS.h(183,28): error C2390: 'b2': incorrect storage class 'register'
C:\Users\student-3\source\repos\3D3\dx11minimal\SPS.h(183,28): error C4430: missing type specifier - int assumed. Note: C++ does not support default-int
C:\Users\student-3\source\repos\3D3\dx11minimal\SPS.h(185,14): error C2146: syntax error: missing ')' before identifier 'model'
C:\Users\student-3\source\repos\3D3\dx11minimal\SPS.h(187,1): error C2059: syntax error: '}'
C:\Users\student-3\source\repos\3D3\dx11minimal\SPS.h(187,1): error C2143: syntax error: missing ';' before '}'
C:\Users\student-3\source\repos\3D3\dx11minimal\SPS.h(189,1): error C4430: missing type specifier - int assumed. Note: C++ does not support default-int
C:\Users\student-3\source\repos\3D3\dx11minimal\SPS.h(189,1): error C2086: 'int cbuffer': redefinition
      C:\Users\student-3\source\repos\3D3\dx11minimal\SPS.h(165,1):
      see declaration of 'cbuffer'
  
C:\Users\student-3\source\repos\3D3\dx11minimal\SPS.h(189,9): error C2146: syntax error: missing ';' before identifier 'params'
C:\Users\student-3\source\repos\3D3\dx11minimal\SPS.h(189,27): error C2390: 'b1': incorrect storage class 'register'
C:\Users\student-3\source\repos\3D3\dx11minimal\SPS.h(189,27): error C4430: missing type specifier - int assumed. Note: C++ does not support default-int
C:\Users\student-3\source\repos\3D3\dx11minimal\SPS.h(191,5): error C2062: type 'float' unexpected
C:\Users\student-3\source\repos\3D3\dx11minimal\SPS.h(192,1): error C2059: syntax error: '}'
C:\Users\student-3\source\repos\3D3\dx11minimal\SPS.h(192,1): error C2143: syntax error: missing ';' before '}'
C:\Users\student-3\source\repos\3D3\dx11minimal\SPS.h(196,12): error C3646: 'pos': unknown override specifier
C:\Users\student-3\source\repos\3D3\dx11minimal\SPS.h(196,16): error C2059: syntax error: ':'
C:\Users\student-3\source\repos\3D3\dx11minimal\SPS.h(196,16): error C2334: unexpected token(s) preceding ':'; skipping apparent function body
C:\Users\student-3\source\repos\3D3\dx11minimal\SPS.h(211,13): error C2061: syntax error: identifier 'float2'
C:\Users\student-3\source\repos\3D3\dx11minimal\SPS.h(223,8): error C3646: 'getcolor': unknown override specifier
C:\Users\student-3\source\repos\3D3\dx11minimal\SPS.h(223,16): error C2059: syntax error: '('
C:\Users\student-3\source\repos\3D3\dx11minimal\SPS.h(224,1): error C2334: unexpected token(s) preceding '{'; skipping apparent function body
C:\Users\student-3\source\repos\3D3\dx11minimal\SPS.h(257,11): error C2061: syntax error: identifier 'float2'
C:\Users\student-3\source\repos\3D3\dx11minimal\SPS.h(262,8): error C3646: 'normal': unknown override specifier
C:\Users\student-3\source\repos\3D3\dx11minimal\SPS.h(262,14): error C2059: syntax error: '('
C:\Users\student-3\source\repos\3D3\dx11minimal\SPS.h(262,40): error C2334: unexpected token(s) preceding '{'; skipping apparent function body
C:\Users\student-3\source\repos\3D3\dx11minimal\SPS.h(297,8): error C3646: 'env': unknown override specifier
C:\Users\student-3\source\repos\3D3\dx11minimal\SPS.h(297,11): error C2059: syntax error: '('
C:\Users\student-3\source\repos\3D3\dx11minimal\SPS.h(298,1): error C2334: unexpected token(s) preceding '{'; skipping apparent function body
C:\Users\student-3\source\repos\3D3\dx11minimal\SPS.h(320,8): error C3646: 'CosineSampleHemisphere': unknown override specifier
C:\Users\student-3\source\repos\3D3\dx11minimal\SPS.h(320,30): error C2059: syntax error: '('
C:\Users\student-3\source\repos\3D3\dx11minimal\SPS.h(320,42): error C2334: unexpected token(s) preceding '{'; skipping apparent function body
C:\Users\student-3\source\repos\3D3\dx11minimal\SPS.h(328,8): error C3646: 'Hammersley': unknown override specifier
C:\Users\student-3\source\repos\3D3\dx11minimal\SPS.h(328,18): error C2059: syntax error: '('
C:\Users\student-3\source\repos\3D3\dx11minimal\SPS.h(328,35): error C2334: unexpected token(s) preceding '{'; skipping apparent function body
C:\Users\student-3\source\repos\3D3\dx11minimal\SPS.h(338,8): error C3646: 'SampleDiffuseEnv': unknown override specifier
C:\Users\student-3\source\repos\3D3\dx11minimal\SPS.h(338,24): error C2059: syntax error: '('
C:\Users\student-3\source\repos\3D3\dx11minimal\SPS.h(339,1): error C2334: unexpected token(s) preceding '{'; skipping apparent function body
C:\Users\student-3\source\repos\3D3\dx11minimal\SPS.h(360,14): error C2061: syntax error: identifier 'float2'
C:\Users\student-3\source\repos\3D3\dx11minimal\SPS.h(366,23): error C2061: syntax error: identifier 'float2'
C:\Users\student-3\source\repos\3D3\dx11minimal\SPS.h(379,8): error C3646: 'GGXSample': unknown override specifier
C:\Users\student-3\source\repos\3D3\dx11minimal\SPS.h(379,17): error C2059: syntax error: '('
C:\Users\student-3\source\repos\3D3\dx11minimal\SPS.h(379,89): error C2334: unexpected token(s) preceding '{'; skipping apparent function body
C:\Users\student-3\source\repos\3D3\dx11minimal\SPS.h(397,8): error C3646: 'ACESFilm': unknown override specifier
C:\Users\student-3\source\repos\3D3\dx11minimal\SPS.h(397,16): error C2059: syntax error: '('
C:\Users\student-3\source\repos\3D3\dx11minimal\SPS.h(398,1): error C2334: unexpected token(s) preceding '{'; skipping apparent function body
C:\Users\student-3\source\repos\3D3\dx11minimal\SPS.h(409,8): error C3646: 'PS': unknown override specifier
C:\Users\student-3\source\repos\3D3\dx11minimal\SPS.h(409,10): error C2059: syntax error: '('
C:\Users\student-3\source\repos\3D3\dx11minimal\SPS.h(409,28): error C2334: unexpected token(s) preceding ':'; skipping apparent function body
C:\Users\student-3\source\repos\3D3\dx11minimal\SPS.h(626,1): error C1004: unexpected end-of-file found
